<?xml version="1.0" encoding="UTF-8"?>
<testng-results ignored="0" total="1" passed="1" failed="0" skipped="0">
  <reporter-output>
  </reporter-output>
  <suite started-at="2023-04-18T23:11:15Z" name="Default suite" finished-at="2023-04-18T23:11:24Z" duration-ms="8789">
    <groups>
    </groups>
    <test started-at="2023-04-18T23:11:15Z" name="Default test" finished-at="2023-04-18T23:11:24Z" duration-ms="8789">
      <class name="com.google.Example">
        <test-method is-config="true" signature="beforeTest()[pri:0, instance:com.google.Example@f107c50]" started-at="2023-04-18T23:11:15Z" name="beforeTest" finished-at="2023-04-18T23:11:15Z" duration-ms="18" status="PASS">
          <reporter-output>
          </reporter-output>
        </test-method> <!-- beforeTest -->
        <test-method signature="googleTest()[pri:0, instance:com.google.Example@f107c50]" started-at="2023-04-18T23:11:15Z" name="googleTest" finished-at="2023-04-18T23:11:24Z" duration-ms="8557" status="PASS">
          <reporter-output>
          </reporter-output>
        </test-method> <!-- googleTest -->
        <test-method is-config="true" signature="afterTest()[pri:0, instance:com.google.Example@f107c50]" started-at="2023-04-18T23:11:24Z" name="afterTest" finished-at="2023-04-18T23:11:24Z" duration-ms="187" status="PASS">
          <reporter-output>
          </reporter-output>
        </test-method> <!-- afterTest -->
      </class> <!-- com.google.Example -->
    </test> <!-- Default test -->
  </suite> <!-- Default suite -->
</testng-results>
